app/build/intermediates/manifest_merge_blame_file/debug/manifest-merger-blame-debug-report.txt
1<?xml version="1.0" encoding="utf-8"?>
2<manifest xmlns:android="http://schemas.android.com/apk/res/android"
3    package="com.example.myapplication"
4    android:versionCode="1"
5    android:versionName="1.0" >
6
7    <uses-sdk
8        android:minSdkVersion="21"
8-->src\main\AndroidManifest.xml
9        android:targetSdkVersion="32" />
9-->src\main\AndroidManifest.xml
10
11    <uses-permission android:name="android.permission.CAMERA" />
11-->src\main\AndroidManifest.xml:6:5-65
11-->src\main\AndroidManifest.xml:6:22-62
12    <uses-permission android:name="android.permission.RECORD_AUDIO" />
12-->src\main\AndroidManifest.xml:7:5-71
12-->src\main\AndroidManifest.xml:7:22-68
13    <uses-permission android:name="android.permission.WRITE_EXTERNAL_STORAGE" />
13-->src\main\AndroidManifest.xml:8:5-81
13-->src\main\AndroidManifest.xml:8:22-78
14    <uses-permission android:name="android.permission.READ_EXTERNAL_STORAGE" />
14-->src\main\AndroidManifest.xml:9:5-80
14-->src\main\AndroidManifest.xml:9:22-77
15
16    <application
16-->src\main\AndroidManifest.xml:11:5-46:19
17        android:allowBackup="true"
17-->src\main\AndroidManifest.xml:12:9-35
18        android:appComponentFactory="androidx.core.app.CoreComponentFactory"
18-->[androidx.core:core:1.8.0] AndroidManifest.xml:24:18-86
19        android:dataExtractionRules="@xml/data_extraction_rules"
19-->src\main\AndroidManifest.xml:13:9-65
20        android:debuggable="true"
21        android:fullBackupContent="@xml/backup_rules"
21-->src\main\AndroidManifest.xml:14:9-54
22        android:icon="@drawable/app_icon"
22-->src\main\AndroidManifest.xml:15:9-42
23        android:label="@string/app_name"
23-->src\main\AndroidManifest.xml:16:9-41
24        android:requestLegacyExternalStorage="true"
24-->src\main\AndroidManifest.xml:17:9-52
25        android:roundIcon="@mipmap/ic_launcher_round"
25-->src\main\AndroidManifest.xml:18:9-54
26        android:supportsRtl="true"
26-->src\main\AndroidManifest.xml:19:9-35
27        android:testOnly="true"
28        android:theme="@style/Theme.MyApplication" >
28-->src\main\AndroidManifest.xml:20:9-51
29        <activity
29-->src\main\AndroidManifest.xml:22:9-25:58
30            android:name="com.example.myapplication.InfoActivity"
30-->src\main\AndroidManifest.xml:23:13-41
31            android:exported="false"
31-->src\main\AndroidManifest.xml:24:13-37
32            android:theme="@android:style/Theme.Dialog" />
32-->src\main\AndroidManifest.xml:25:13-56
33        <activity
33-->src\main\AndroidManifest.xml:26:9-28:40
34            android:name="com.example.myapplication.HearingTest.HearingTest_End"
34-->src\main\AndroidManifest.xml:27:13-56
35            android:exported="false" />
35-->src\main\AndroidManifest.xml:28:13-37
36        <activity
36-->src\main\AndroidManifest.xml:29:9-31:40
37            android:name="com.example.myapplication.HearingTest.HearingTest2"
37-->src\main\AndroidManifest.xml:30:13-53
38            android:exported="false" />
38-->src\main\AndroidManifest.xml:31:13-37
39        <activity
39-->src\main\AndroidManifest.xml:32:9-34:40
40            android:name="com.example.myapplication.HearingTest.HearingTest"
40-->src\main\AndroidManifest.xml:33:13-52
41            android:exported="false" />
41-->src\main\AndroidManifest.xml:34:13-37
42        <activity
42-->src\main\AndroidManifest.xml:36:9-44:20
43            android:name="com.example.myapplication.MainActivity"
43-->src\main\AndroidManifest.xml:37:13-41
44            android:exported="true" >
44-->src\main\AndroidManifest.xml:38:13-36
45            <intent-filter>
45-->src\main\AndroidManifest.xml:39:13-43:29
46                <action android:name="android.intent.action.MAIN" />
46-->src\main\AndroidManifest.xml:40:17-69
46-->src\main\AndroidManifest.xml:40:25-66
47
48                <category android:name="android.intent.category.LAUNCHER" />
48-->src\main\AndroidManifest.xml:42:17-77
48-->src\main\AndroidManifest.xml:42:27-74
49            </intent-filter>
50        </activity>
51        <activity android:name="com.example.myapplication.VideoRecordActivity" />
51-->src\main\AndroidManifest.xml:45:9-57
51-->src\main\AndroidManifest.xml:45:19-54
52
53        <provider
53-->[androidx.emoji2:emoji2:1.2.0] AndroidManifest.xml:24:9-32:20
54            android:name="androidx.startup.InitializationProvider"
54-->[androidx.emoji2:emoji2:1.2.0] AndroidManifest.xml:25:13-67
55            android:authorities="com.example.myapplication.androidx-startup"
55-->[androidx.emoji2:emoji2:1.2.0] AndroidManifest.xml:26:13-68
56            android:exported="false" >
56-->[androidx.emoji2:emoji2:1.2.0] AndroidManifest.xml:27:13-37
57            <meta-data
57-->[androidx.emoji2:emoji2:1.2.0] AndroidManifest.xml:29:13-31:52
58                android:name="androidx.emoji2.text.EmojiCompatInitializer"
58-->[androidx.emoji2:emoji2:1.2.0] AndroidManifest.xml:30:17-75
59                android:value="androidx.startup" />
59-->[androidx.emoji2:emoji2:1.2.0] AndroidManifest.xml:31:17-49
60            <meta-data
60-->[androidx.lifecycle:lifecycle-process:2.4.1] AndroidManifest.xml:31:13-33:52
61                android:name="androidx.lifecycle.ProcessLifecycleInitializer"
61-->[androidx.lifecycle:lifecycle-process:2.4.1] AndroidManifest.xml:32:17-78
62                android:value="androidx.startup" />
62-->[androidx.lifecycle:lifecycle-process:2.4.1] AndroidManifest.xml:33:17-49
63            <meta-data
63-->[androidx.profileinstaller:profileinstaller:1.0.0] AndroidManifest.xml:31:13-33:52
64                android:name="androidx.profileinstaller.ProfileInstallerInitializer"
64-->[androidx.profileinstaller:profileinstaller:1.0.0] AndroidManifest.xml:32:17-85
65                android:value="androidx.startup" />
65-->[androidx.profileinstaller:profileinstaller:1.0.0] AndroidManifest.xml:33:17-49
66        </provider>
67
68        <receiver
68-->[androidx.profileinstaller:profileinstaller:1.0.0] AndroidManifest.xml:36:9-45:20
69            android:name="androidx.profileinstaller.ProfileInstallReceiver"
69-->[androidx.profileinstaller:profileinstaller:1.0.0] AndroidManifest.xml:37:13-76
70            android:directBootAware="false"
70-->[androidx.profileinstaller:profileinstaller:1.0.0] AndroidManifest.xml:38:13-44
71            android:enabled="true"
71-->[androidx.profileinstaller:profileinstaller:1.0.0] AndroidManifest.xml:39:13-35
72            android:exported="true"
72-->[androidx.profileinstaller:profileinstaller:1.0.0] AndroidManifest.xml:40:13-36
73            android:permission="android.permission.DUMP" >
73-->[androidx.profileinstaller:profileinstaller:1.0.0] AndroidManifest.xml:41:13-57
74            <intent-filter>
74-->[androidx.profileinstaller:profileinstaller:1.0.0] AndroidManifest.xml:42:13-44:29
75                <action android:name="androidx.profileinstaller.action.INSTALL_PROFILE" />
75-->[androidx.profileinstaller:profileinstaller:1.0.0] AndroidManifest.xml:43:17-91
75-->[androidx.profileinstaller:profileinstaller:1.0.0] AndroidManifest.xml:43:25-88
76            </intent-filter>
77        </receiver>
78    </application>
79
80</manifest>